<?xml version="1.0" encoding="UTF-8" ?>
<testsuite tests="24" failures="0" name="tk.mybatis.simple.mapper.UserMapperTest" time="1.817" errors="1" skipped="0">
  <properties>
    <property name="idea.version" value="2020.3"/>
    <property name="java.runtime.name" value="Java(TM) SE Runtime Environment"/>
    <property name="sun.boot.library.path" value="C:\Program Files\Java8\jdk1.8.0_152\jre\bin"/>
    <property name="java.vm.version" value="25.152-b16"/>
    <property name="java.vm.vendor" value="Oracle Corporation"/>
    <property name="maven.multiModuleProjectDirectory" value="D:\IDeaworkspace\mybatisIndoors\simple"/>
    <property name="java.vendor.url" value="http://java.oracle.com/"/>
    <property name="path.separator" value=";"/>
    <property name="guice.disable.misplaced.annotation.check" value="true"/>
    <property name="java.vm.name" value="Java HotSpot(TM) 64-Bit Server VM"/>
    <property name="file.encoding.pkg" value="sun.io"/>
    <property name="user.script" value=""/>
    <property name="user.country" value="CN"/>
    <property name="sun.java.launcher" value="SUN_STANDARD"/>
    <property name="sun.os.patch.level" value=""/>
    <property name="java.vm.specification.name" value="Java Virtual Machine Specification"/>
    <property name="user.dir" value="D:\IDeaworkspace\mybatisIndoors\simple"/>
    <property name="java.runtime.version" value="1.8.0_152-b16"/>
    <property name="java.awt.graphicsenv" value="sun.awt.Win32GraphicsEnvironment"/>
    <property name="java.endorsed.dirs" value="C:\Program Files\Java8\jdk1.8.0_152\jre\lib\endorsed"/>
    <property name="os.arch" value="amd64"/>
    <property name="java.io.tmpdir" value="C:\Users\asus\AppData\Local\Temp\"/>
    <property name="line.separator" value="
"/>
    <property name="java.vm.specification.vendor" value="Oracle Corporation"/>
    <property name="user.variant" value=""/>
    <property name="os.name" value="Windows 10"/>
    <property name="maven.ext.class.path" value="D:\IIDEA\IntelliJ IDEA 2020.3\plugins\maven\lib\maven-event-listener.jar"/>
    <property name="classworlds.conf" value="D:\iMaven\apache-maven-3.6.3\bin\m2.conf"/>
    <property name="sun.jnu.encoding" value="GBK"/>
    <property name="java.library.path" value="C:\Program Files\Java8\jdk1.8.0_152\bin;C:\WINDOWS\Sun\Java\bin;C:\WINDOWS\system32;C:\WINDOWS;E:\VMare\VMareWork\bin\;C:\Program Files\Java8\jdk1.8.0_152\bin;C:\Program Files\Java8\jdk1.8.0_152\jre\bin;C:\WINDOWS\system32;C:\WINDOWS;C:\WINDOWS\System32\Wbem;C:\WINDOWS\System32\WindowsPowerShell\v1.0\;C:\WINDOWS\System32\OpenSSH\;E:\PuTTY\;E:\Git\cmd;D:\iMaven\apache-maven-3.6.3\bin;D:\Microsoft VS Code\bin;C:\masmCom;D:\nodeAndnvm\nvm;D:\nodeAndnvm\nodejs;D:\python\Scripts\;D:\python\;C:\Users\asus\AppData\Local\Microsoft\WindowsApps;D:\machinevision\opencv\build\x64\vc15\bin;E:\pycharm\PyCharm 2020.1.1\bin;;C:\masm32\bin;C:\Users\asus\AppData\Roaming\npm;C:\Program Files\MySQL\MySQL Server 5.5\bin;D:\Program Files\MongoDB\Server\3.2\bin;D:\nodeAndnvm\nvm;D:\nodeAndnvm\nodejs;;."/>
    <property name="maven.conf" value="D:\iMaven\apache-maven-3.6.3/conf"/>
    <property name="java.specification.name" value="Java Platform API Specification"/>
    <property name="java.class.version" value="52.0"/>
    <property name="sun.management.compiler" value="HotSpot 64-Bit Tiered Compilers"/>
    <property name="maven.repo.local" value="D:\iMaven\repository-LearnSB"/>
    <property name="os.version" value="10.0"/>
    <property name="user.home" value="C:\Users\asus"/>
    <property name="user.timezone" value="Asia/Shanghai"/>
    <property name="java.awt.printerjob" value="sun.awt.windows.WPrinterJob"/>
    <property name="java.specification.version" value="1.8"/>
    <property name="file.encoding" value="UTF-8"/>
    <property name="user.name" value="asus"/>
    <property name="java.class.path" value="D:\iMaven\apache-maven-3.6.3\boot\plexus-classworlds-2.6.0.jar;D:\iMaven\apache-maven-3.6.3\boot\plexus-classworlds.license;D:\IIDEA\IntelliJ IDEA 2020.3\lib\idea_rt.jar"/>
    <property name="java.vm.specification.version" value="1.8"/>
    <property name="sun.arch.data.model" value="64"/>
    <property name="java.home" value="C:\Program Files\Java8\jdk1.8.0_152\jre"/>
    <property name="sun.java.command" value="org.codehaus.classworlds.Launcher -Didea.version=2020.3 -Dmaven.repo.local=D:\iMaven\repository-LearnSB install -P !jdk-10.0"/>
    <property name="java.specification.vendor" value="Oracle Corporation"/>
    <property name="user.language" value="zh"/>
    <property name="awt.toolkit" value="sun.awt.windows.WToolkit"/>
    <property name="java.vm.info" value="mixed mode"/>
    <property name="java.version" value="1.8.0_152"/>
    <property name="java.ext.dirs" value="C:\Program Files\Java8\jdk1.8.0_152\jre\lib\ext;C:\WINDOWS\Sun\Java\lib\ext"/>
    <property name="sun.boot.class.path" value="C:\Program Files\Java8\jdk1.8.0_152\jre\lib\resources.jar;C:\Program Files\Java8\jdk1.8.0_152\jre\lib\rt.jar;C:\Program Files\Java8\jdk1.8.0_152\jre\lib\sunrsasign.jar;C:\Program Files\Java8\jdk1.8.0_152\jre\lib\jsse.jar;C:\Program Files\Java8\jdk1.8.0_152\jre\lib\jce.jar;C:\Program Files\Java8\jdk1.8.0_152\jre\lib\charsets.jar;C:\Program Files\Java8\jdk1.8.0_152\jre\lib\jfr.jar;C:\Program Files\Java8\jdk1.8.0_152\jre\classes"/>
    <property name="java.vendor" value="Oracle Corporation"/>
    <property name="maven.home" value="D:\iMaven\apache-maven-3.6.3"/>
    <property name="file.separator" value="\"/>
    <property name="java.vendor.url.bug" value="http://bugreport.sun.com/bugreport/"/>
    <property name="sun.cpu.endian" value="little"/>
    <property name="sun.io.unicode.encoding" value="UnicodeLittle"/>
    <property name="sun.desktop" value="windows"/>
    <property name="sun.cpu.isalist" value="amd64"/>
  </properties>
  <testcase classname="tk.mybatis.simple.mapper.UserMapperTest" name="testSelectUserAndRoleByIdSelect" time="0.011"/>
  <testcase classname="tk.mybatis.simple.mapper.UserMapperTest" name="testUpdateByMap" time="0.103"/>
  <testcase classname="tk.mybatis.simple.mapper.UserMapperTest" name="testSelectAll" time="0.005"/>
  <testcase classname="tk.mybatis.simple.mapper.UserMapperTest" name="testSelectRolesByUser" time="0.153"/>
  <testcase classname="tk.mybatis.simple.mapper.UserMapperTest" name="testSelectUserById" time="0.575"/>
  <testcase classname="tk.mybatis.simple.mapper.UserMapperTest" name="testSelectRolesByUserIdAndRoleEnabled" time="0.006"/>
  <testcase classname="tk.mybatis.simple.mapper.UserMapperTest" name="testInsertUserAndRoles" time="0.362"/>
  <testcase classname="tk.mybatis.simple.mapper.UserMapperTest" name="testInsertList" time="0.049"/>
  <testcase classname="tk.mybatis.simple.mapper.UserMapperTest" name="testSelectAllUserAndRolesSelect" time="0.011">
    <error message="Error serializing object.  Cause: java.io.NotSerializableException: tk.mybatis.simple.model.SysPrivilege" type="org.apache.ibatis.cache.CacheException">org.apache.ibatis.cache.CacheException: Error serializing object.  Cause: java.io.NotSerializableException: tk.mybatis.simple.model.SysPrivilege
	at org.apache.ibatis.cache.decorators.SerializedCache.serialize(SerializedCache.java:102)
	at org.apache.ibatis.cache.decorators.SerializedCache.putObject(SerializedCache.java:56)
	at org.apache.ibatis.cache.decorators.LoggingCache.putObject(LoggingCache.java:51)
	at org.apache.ibatis.cache.decorators.SynchronizedCache.putObject(SynchronizedCache.java:45)
	at org.apache.ibatis.cache.decorators.TransactionalCache.flushPendingEntries(TransactionalCache.java:122)
	at org.apache.ibatis.cache.decorators.TransactionalCache.commit(TransactionalCache.java:105)
	at org.apache.ibatis.cache.TransactionalCacheManager.commit(TransactionalCacheManager.java:44)
	at org.apache.ibatis.executor.CachingExecutor.close(CachingExecutor.java:61)
	at org.apache.ibatis.session.defaults.DefaultSqlSession.close(DefaultSqlSession.java:264)
	at tk.mybatis.simple.mapper.UserMapperTest.testSelectAllUserAndRolesSelect(UserMapperTest.java:560)
	at sun.reflect.NativeMethodAccessorImpl.invoke0(Native Method)
	at sun.reflect.NativeMethodAccessorImpl.invoke(NativeMethodAccessorImpl.java:62)
	at sun.reflect.DelegatingMethodAccessorImpl.invoke(DelegatingMethodAccessorImpl.java:43)
	at java.lang.reflect.Method.invoke(Method.java:498)
	at org.junit.runners.model.FrameworkMethod$1.runReflectiveCall(FrameworkMethod.java:50)
	at org.junit.internal.runners.model.ReflectiveCallable.run(ReflectiveCallable.java:12)
	at org.junit.runners.model.FrameworkMethod.invokeExplosively(FrameworkMethod.java:47)
	at org.junit.internal.runners.statements.InvokeMethod.evaluate(InvokeMethod.java:17)
	at org.junit.runners.ParentRunner.runLeaf(ParentRunner.java:325)
	at org.junit.runners.BlockJUnit4ClassRunner.runChild(BlockJUnit4ClassRunner.java:78)
	at org.junit.runners.BlockJUnit4ClassRunner.runChild(BlockJUnit4ClassRunner.java:57)
	at org.junit.runners.ParentRunner$3.run(ParentRunner.java:290)
	at org.junit.runners.ParentRunner$1.schedule(ParentRunner.java:71)
	at org.junit.runners.ParentRunner.runChildren(ParentRunner.java:288)
	at org.junit.runners.ParentRunner.access$000(ParentRunner.java:58)
	at org.junit.runners.ParentRunner$2.evaluate(ParentRunner.java:268)
	at org.junit.internal.runners.statements.RunBefores.evaluate(RunBefores.java:26)
	at org.junit.runners.ParentRunner.run(ParentRunner.java:363)
	at org.apache.maven.surefire.junit4.JUnit4Provider.execute(JUnit4Provider.java:252)
	at org.apache.maven.surefire.junit4.JUnit4Provider.executeTestSet(JUnit4Provider.java:141)
	at org.apache.maven.surefire.junit4.JUnit4Provider.invoke(JUnit4Provider.java:112)
	at sun.reflect.NativeMethodAccessorImpl.invoke0(Native Method)
	at sun.reflect.NativeMethodAccessorImpl.invoke(NativeMethodAccessorImpl.java:62)
	at sun.reflect.DelegatingMethodAccessorImpl.invoke(DelegatingMethodAccessorImpl.java:43)
	at java.lang.reflect.Method.invoke(Method.java:498)
	at org.apache.maven.surefire.util.ReflectionUtils.invokeMethodWithArray(ReflectionUtils.java:189)
	at org.apache.maven.surefire.booter.ProviderFactory$ProviderProxy.invoke(ProviderFactory.java:165)
	at org.apache.maven.surefire.booter.ProviderFactory.invokeProvider(ProviderFactory.java:85)
	at org.apache.maven.surefire.booter.ForkedBooter.runSuitesInProcess(ForkedBooter.java:115)
	at org.apache.maven.surefire.booter.ForkedBooter.main(ForkedBooter.java:75)
Caused by: java.io.NotSerializableException: tk.mybatis.simple.model.SysPrivilege
	at java.io.ObjectOutputStream.writeObject0(ObjectOutputStream.java:1184)
	at java.io.ObjectOutputStream.writeObject(ObjectOutputStream.java:348)
	at java.util.ArrayList.writeObject(ArrayList.java:766)
	at sun.reflect.NativeMethodAccessorImpl.invoke0(Native Method)
	at sun.reflect.NativeMethodAccessorImpl.invoke(NativeMethodAccessorImpl.java:62)
	at sun.reflect.DelegatingMethodAccessorImpl.invoke(DelegatingMethodAccessorImpl.java:43)
	at java.lang.reflect.Method.invoke(Method.java:498)
	at java.io.ObjectStreamClass.invokeWriteObject(ObjectStreamClass.java:1128)
	at java.io.ObjectOutputStream.writeSerialData(ObjectOutputStream.java:1496)
	at java.io.ObjectOutputStream.writeOrdinaryObject(ObjectOutputStream.java:1432)
	at java.io.ObjectOutputStream.writeObject0(ObjectOutputStream.java:1178)
	at java.io.ObjectOutputStream.defaultWriteFields(ObjectOutputStream.java:1548)
	at java.io.ObjectOutputStream.writeSerialData(ObjectOutputStream.java:1509)
	at java.io.ObjectOutputStream.writeOrdinaryObject(ObjectOutputStream.java:1432)
	at java.io.ObjectOutputStream.writeObject0(ObjectOutputStream.java:1178)
	at java.io.ObjectOutputStream.writeObject(ObjectOutputStream.java:348)
	at java.util.ArrayList.writeObject(ArrayList.java:766)
	at sun.reflect.NativeMethodAccessorImpl.invoke0(Native Method)
	at sun.reflect.NativeMethodAccessorImpl.invoke(NativeMethodAccessorImpl.java:62)
	at sun.reflect.DelegatingMethodAccessorImpl.invoke(DelegatingMethodAccessorImpl.java:43)
	at java.lang.reflect.Method.invoke(Method.java:498)
	at java.io.ObjectStreamClass.invokeWriteObject(ObjectStreamClass.java:1128)
	at java.io.ObjectOutputStream.writeSerialData(ObjectOutputStream.java:1496)
	at java.io.ObjectOutputStream.writeOrdinaryObject(ObjectOutputStream.java:1432)
	at java.io.ObjectOutputStream.writeObject0(ObjectOutputStream.java:1178)
	at java.io.ObjectOutputStream.writeObject(ObjectOutputStream.java:348)
	at org.apache.ibatis.cache.decorators.SerializedCache.serialize(SerializedCache.java:97)
	... 39 more
</error>
    <system-out>DEBUG [main] - ==&gt;  Preparing: select u.id, u.user_name, u.user_password, u.user_email, u.user_info, u.head_img, u.create_time from sys_user u where u.id = ? 
DEBUG [main] - ==&gt; Parameters: 1(Long)
TRACE [main] - &lt;==    Columns: id, user_name, user_password, user_email, user_info, head_img, create_time
TRACE [main] - &lt;==        Row: 1, admin, 123456, admin@mybatis.tk, &lt;&lt;BLOB&gt;&gt;, &lt;&lt;BLOB&gt;&gt;, 2016-06-07 01:11:12.0
DEBUG [main] - &lt;==      Total: 1
�û�����admin
DEBUG [main] - Cache Hit Ratio [tk.mybatis.simple.mapper.RoleMapper]: 0.0
DEBUG [main] - ==&gt;  Preparing: select r.id, r.role_name, r.enabled, r.create_by, r.create_time from sys_role r inner join sys_user_role ur on ur.role_id = r.id where ur.user_id = ? 
DEBUG [main] - ==&gt; Parameters: 1(Long)
TRACE [main] - &lt;==    Columns: id, role_name, enabled, create_by, create_time
TRACE [main] - &lt;==        Row: 1, ����Ա, 1, 1, 2016-04-01 17:02:14.0
TRACE [main] - &lt;==        Row: 2, ��ͨ�û�, 1, 1, 2016-04-01 17:02:34.0
DEBUG [main] - &lt;==      Total: 2
��ɫ��������Ա
DEBUG [main] - ==&gt;  Preparing: select p.* from sys_privilege p inner join sys_role_privilege rp on rp.privilege_id = p.id where role_id = ? 
DEBUG [main] - ==&gt; Parameters: 1(Long)
TRACE [main] - &lt;==    Columns: id, privilege_name, privilege_url
TRACE [main] - &lt;==        Row: 1, �û�����, /users
TRACE [main] - &lt;==        Row: 2, ��ɫ����, /roles
TRACE [main] - &lt;==        Row: 3, ϵͳ��־, /logs
DEBUG [main] - &lt;==      Total: 3
Ȩ�������û�����
Ȩ��������ɫ����
Ȩ������ϵͳ��־
��ɫ������ͨ�û�
DEBUG [main] - ==&gt;  Preparing: select p.* from sys_privilege p inner join sys_role_privilege rp on rp.privilege_id = p.id where role_id = ? 
DEBUG [main] - ==&gt; Parameters: 2(Long)
TRACE [main] - &lt;==    Columns: id, privilege_name, privilege_url
TRACE [main] - &lt;==        Row: 4, ��Աά��, /persons
TRACE [main] - &lt;==        Row: 5, ��λά��, /companies
DEBUG [main] - &lt;==      Total: 2
Ȩ��������Աά��
Ȩ��������λά��
</system-out>
  </testcase>
  <testcase classname="tk.mybatis.simple.mapper.UserMapperTest" name="testInsert2Selective" time="0.036"/>
  <testcase classname="tk.mybatis.simple.mapper.UserMapperTest" name="testSelectAllUserAndRoles" time="0.009"/>
  <testcase classname="tk.mybatis.simple.mapper.UserMapperTest" name="testSelectByIdList" time="0.02"/>
  <testcase classname="tk.mybatis.simple.mapper.UserMapperTest" name="testSelectByIdOrUserName" time="0.008"/>
  <testcase classname="tk.mybatis.simple.mapper.UserMapperTest" name="selectRolesByUserAndRole" time="0.005"/>
  <testcase classname="tk.mybatis.simple.mapper.UserMapperTest" name="testDeleteById" time="0.046"/>
  <testcase classname="tk.mybatis.simple.mapper.UserMapperTest" name="testSelectUserAndRoleById" time="0.005"/>
  <testcase classname="tk.mybatis.simple.mapper.UserMapperTest" name="testSelectUserAndRoleById2" time="0.005"/>
  <testcase classname="tk.mybatis.simple.mapper.UserMapperTest" name="testInsert" time="0.101"/>
  <testcase classname="tk.mybatis.simple.mapper.UserMapperTest" name="testInsert2" time="0.077"/>
  <testcase classname="tk.mybatis.simple.mapper.UserMapperTest" name="testInsert3" time="0.078"/>
  <testcase classname="tk.mybatis.simple.mapper.UserMapperTest" name="testUpdate" time="0.078"/>
  <testcase classname="tk.mybatis.simple.mapper.UserMapperTest" name="testSelectById" time="0.004"/>
  <testcase classname="tk.mybatis.simple.mapper.UserMapperTest" name="testUpdateByIdSelective" time="0.039"/>
  <testcase classname="tk.mybatis.simple.mapper.UserMapperTest" name="testSelectUerPage" time="0.031"/>
</testsuite>